<?xml version="1.0" encoding="UTF-8"?>
<testng-results skipped="0" failed="0" ignored="0" total="1" passed="1">
  <reporter-output>
  </reporter-output>
  <suite name="InetBankingV1" duration-ms="25158" started-at="2023-02-09T07:58:03Z" finished-at="2023-02-09T07:58:28Z">
    <groups>
    </groups>
    <test name="BankingApp Test" duration-ms="25158" started-at="2023-02-09T07:58:03Z" finished-at="2023-02-09T07:58:28Z">
      <class name="com.inetBanking.testCases.TC_LoginTest_001">
        <test-method status="PASS" signature="setup(java.lang.String)[pri:0, instance:com.inetBanking.testCases.TC_LoginTest_001@20398b7c]" name="setup" is-config="true" duration-ms="20326" started-at="2023-02-09T07:58:04Z" finished-at="2023-02-09T07:58:24Z">
          <params>
            <param index="0">
              <value>
                <![CDATA[chrome]]>
              </value>
            </param>
          </params>
          <reporter-output>
          </reporter-output>
        </test-method> <!-- setup -->
        <test-method status="PASS" signature="logintest()[pri:0, instance:com.inetBanking.testCases.TC_LoginTest_001@20398b7c]" name="logintest" duration-ms="3711" started-at="2023-02-09T07:58:24Z" finished-at="2023-02-09T07:58:28Z">
          <reporter-output>
          </reporter-output>
        </test-method> <!-- logintest -->
        <test-method status="PASS" signature="tearDown()[pri:0, instance:com.inetBanking.testCases.TC_LoginTest_001@20398b7c]" name="tearDown" is-config="true" duration-ms="793" started-at="2023-02-09T07:58:28Z" finished-at="2023-02-09T07:58:28Z">
          <reporter-output>
          </reporter-output>
        </test-method> <!-- tearDown -->
      </class> <!-- com.inetBanking.testCases.TC_LoginTest_001 -->
    </test> <!-- BankingApp Test -->
  </suite> <!-- InetBankingV1 -->
</testng-results>
